<?xml version="1.0" encoding="UTF-8"?>
<!-- Generated by org.testng.reporters.JUnitXMLReporter -->
<testsuite hostname="Ramamoorthi-PC" ignored="0" name="Test" tests="4" failures="0" timestamp="15 Jul 2019 07:07:01 GMT" time="15.73" errors="0">
  <testcase name="loginTest" time="0.264" classname="parameterizationTest.Assignment1"/>
  <testcase name="login" time="1.71" classname="parameterizationTest.Assignment1"/>
  <testcase name="listcategory" time="8.731" classname="parameterizationTest.Assignment1"/>
  <testcase name="AddExpenses" time="2.298" classname="parameterizationTest.Assignment1"/>
</testsuite> <!-- Test -->
