<?xml version="1.0" encoding="UTF-8"?>
<testng-results skipped="0" failed="0" ignored="0" total="1" passed="1">
  <reporter-output>
  </reporter-output>
  <suite name="Suite" duration-ms="47967" started-at="2019-08-29T04:23:39Z" finished-at="2019-08-29T04:24:27Z">
    <groups>
    </groups>
    <test name="Test" duration-ms="47967" started-at="2019-08-29T04:23:39Z" finished-at="2019-08-29T04:24:27Z">
      <class name="keywordTest.ParametersTest">
        <test-method status="PASS" signature="browser()[pri:0, instance:keywordTest.ParametersTest@feb3fa]" name="browser" is-config="true" duration-ms="39273" started-at="2019-08-29T04:23:39Z" finished-at="2019-08-29T04:24:19Z">
          <reporter-output>
          </reporter-output>
        </test-method> <!-- browser -->
        <test-method status="PASS" signature="url()[pri:0, instance:keywordTest.ParametersTest@feb3fa]" name="url" is-config="true" duration-ms="4253" started-at="2019-08-29T04:24:19Z" finished-at="2019-08-29T04:24:23Z">
          <reporter-output>
          </reporter-output>
        </test-method> <!-- url -->
        <test-method status="PASS" signature="login(java.lang.String, java.lang.String)[pri:0, instance:keywordTest.ParametersTest@feb3fa]" name="login" duration-ms="4125" started-at="2019-08-29T04:24:23Z" finished-at="2019-08-29T04:24:27Z">
          <params>
            <param index="0">
              <value>
                <![CDATA[besant]]>
              </value>
            </param>
            <param index="1">
              <value>
                <![CDATA[airtel]]>
              </value>
            </param>
          </params>
          <reporter-output>
          </reporter-output>
        </test-method> <!-- login -->
      </class> <!-- keywordTest.ParametersTest -->
    </test> <!-- Test -->
  </suite> <!-- Suite -->
</testng-results>
